I, [2020-10-07T14:13:48.912566 #42211]  INFO -- : Registered expected interaction GET /cats
D, [2020-10-07T14:13:48.912887 #42211] DEBUG -- : {
  "description": "a request for the cat with the builder pattern",
  "providerState": "I have a single cat",
  "request": {
    "method": "GET",
    "path": "/cats",
    "headers": {
      "Accept": "application/json"
    }
  },
  "response": {
    "status": 200,
    "headers": {
      "Content-Type": "application/json; charset=utf-8"
    },
    "body": {
      "json_class": "Pact::SomethingLike",
      "contents": {
        "name": "cat",
        "age": 12,
        "breed": "angora"
      }
    }
  },
  "metadata": null
}
I, [2020-10-07T14:13:48.923226 #42211]  INFO -- : Received request GET /cats
D, [2020-10-07T14:13:48.923330 #42211] DEBUG -- : {
  "path": "/cats",
  "query": "",
  "method": "get",
  "headers": {
    "Accept": "application/json",
    "User-Agent": "axios/0.19.2",
    "Host": "localhost:3500",
    "Connection": "close",
    "Version": "HTTP/1.1"
  }
}
I, [2020-10-07T14:13:48.923672 #42211]  INFO -- : Found matching response for GET /cats
D, [2020-10-07T14:13:48.923754 #42211] DEBUG -- : {
  "status": 200,
  "headers": {
    "Content-Type": "application/json; charset=utf-8"
  },
  "body": {
    "json_class": "Pact::SomethingLike",
    "contents": {
      "name": "cat",
      "age": 12,
      "breed": "angora"
    }
  }
}
I, [2020-10-07T14:13:48.931964 #42211]  INFO -- : Verifying - interactions matched
I, [2020-10-07T14:13:48.936233 #42211]  INFO -- : Cleared interactions
I, [2020-10-07T14:13:48.942232 #42211]  INFO -- : Registered expected interaction GET /cats
D, [2020-10-07T14:13:48.942508 #42211] DEBUG -- : {
  "description": "a request for cat with the object pattern",
  "providerState": "I have a single cat object",
  "request": {
    "method": "GET",
    "path": "/cats",
    "headers": {
      "Accept": "application/json"
    }
  },
  "response": {
    "status": 200,
    "headers": {
      "Content-Type": "application/json; charset=utf-8"
    },
    "body": {
      "json_class": "Pact::SomethingLike",
      "contents": {
        "name": "cat",
        "age": 12,
        "breed": "angora"
      }
    }
  },
  "metadata": null
}
I, [2020-10-07T14:13:48.949719 #42211]  INFO -- : Received request GET /cats
D, [2020-10-07T14:13:48.949940 #42211] DEBUG -- : {
  "path": "/cats",
  "query": "",
  "method": "get",
  "headers": {
    "Accept": "application/json",
    "User-Agent": "axios/0.19.2",
    "Host": "localhost:3500",
    "Connection": "close",
    "Version": "HTTP/1.1"
  }
}
I, [2020-10-07T14:13:48.950176 #42211]  INFO -- : Found matching response for GET /cats
D, [2020-10-07T14:13:48.950289 #42211] DEBUG -- : {
  "status": 200,
  "headers": {
    "Content-Type": "application/json; charset=utf-8"
  },
  "body": {
    "json_class": "Pact::SomethingLike",
    "contents": {
      "name": "cat",
      "age": 12,
      "breed": "angora"
    }
  }
}
I, [2020-10-07T14:13:48.956327 #42211]  INFO -- : Verifying - interactions matched
I, [2020-10-07T14:13:48.961092 #42211]  INFO -- : Cleared interactions
I, [2020-10-07T14:13:48.997769 #42211]  INFO -- : Writing pact for catsProvider to /Users/wellingtonaquino/Documents/wiser-repo/pact-nestjs-consumer-sample/pacts/catsconsumer-catsprovider.json
